<?xml version="1.0" encoding="UTF-8" ?>
<testsuite tests="7" failures="0" name="FindCallHandlerTest" time="0.024" errors="0" skipped="0">
  <properties>
[...]
</properties>
  <testcase classname="FindCallHandlerTest" name="managerOnly_ShouldReturnManager" time="0.016"/>
  <testcase classname="FindCallHandlerTest" name="busyStaffers_ShouldNoOne" time="0.004"/>
  <testcase classname="FindCallHandlerTest" name="supervisorOnly_ShouldReturnSupervisor" time="0.001"/>
  <testcase classname="FindCallHandlerTest" name="InvalidStaffers_ShouldThrowError" time="0.001"/>
  <testcase classname="FindCallHandlerTest" name="busyEmployees_ShouldReturnSupervisor" time="0.001"/>
  <testcase classname="FindCallHandlerTest" name="busyEmployeesAndSupervisor_ShouldReturnManager" time="0.001"/>
  <testcase classname="FindCallHandlerTest" name="noStaffers_ShouldNoStaffers" time="0"/>
</testsuite>